<?xml version="1.0" encoding="UTF-8"?>
<testng-results ignored="0" total="1" passed="1" failed="0" skipped="0">
  <reporter-output>
  </reporter-output>
  <suite started-at="2023-06-02T08:07:23 IST" name="Default suite" finished-at="2023-06-02T08:08:33 IST" duration-ms="69583">
    <groups>
    </groups>
    <test started-at="2023-06-02T08:07:23 IST" name="Default test" finished-at="2023-06-02T08:08:33 IST" duration-ms="69583">
      <class name="page.objectmodel.pom2">
        <test-method signature="VerifyFBlogin()[pri:0, instance:page.objectmodel.pom2@4efc180e]" started-at="2023-06-02T08:07:24 IST" name="VerifyFBlogin" finished-at="2023-06-02T08:08:32 IST" duration-ms="68570" status="PASS">
          <reporter-output>
          </reporter-output>
        </test-method> <!-- VerifyFBlogin -->
        <test-method is-config="true" signature="teardown()[pri:0, instance:page.objectmodel.pom2@4efc180e]" started-at="2023-06-02T08:08:32 IST" name="teardown" finished-at="2023-06-02T08:08:33 IST" duration-ms="503" status="PASS">
          <reporter-output>
          </reporter-output>
        </test-method> <!-- teardown -->
      </class> <!-- page.objectmodel.pom2 -->
    </test> <!-- Default test -->
  </suite> <!-- Default suite -->
</testng-results>
